<?xml version="1.0" encoding="UTF-8"?>
<!-- Generated by org.testng.reporters.JUnitReportReporter -->
<testsuite hostname="LAPTOP-DG6GPILH" failures="0" tests="3" name="Selenium2" time="0.012" errors="0" timestamp="2021-11-03T21:16:14 IST" skipped="0">
  <testcase classname="Selenium2" name="SecondThirdndTest" time="0.001"/>
  <system-out/>
  <testcase classname="Selenium2" name="BTest" time="0.008"/>
  <system-out/>
  <testcase classname="Selenium2" name="callmethodoverloading" time="0.003"/>
  <system-out/>
</testsuite> <!-- Selenium2 -->
