<?xml version="1.0" encoding="UTF-8"?>
<!-- Generated by org.testng.reporters.JUnitReportReporter -->
<testsuite hostname="LAPTOP-DG6GPILH" failures="0" tests="2" name="Selenium2" time="32.248" errors="0" timestamp="2021-07-25T20:41:59 IST" skipped="0">
  <testcase classname="Selenium2" name="openbrowser" time="6.540"/>
  <system-out/>
  <testcase classname="Selenium2" name="main" time="25.708"/>
  <system-out/>
</testsuite> <!-- Selenium2 -->
